Task 9.1P - Lost and Found Map App/LostandFoundMapApp/app/build/intermediates/manifest_merge_blame_file/debug/processDebugMainManifest/manifest-merger-blame-debug-report.txt
1<?xml version="1.0" encoding="utf-8"?>
2<manifest xmlns:android="http://schemas.android.com/apk/res/android"
3    package="com.josephb.lostandfoundmapapp"
4    android:versionCode="1"
5    android:versionName="1.0" >
6
7    <uses-sdk
7-->INJECTED
8        android:minSdkVersion="24"
8-->INJECTED
9        android:targetSdkVersion="36" />
9-->INJECTED
10
11    <uses-permission android:name="android.permission.INTERNET" />
11-->src/main/AndroidManifest.xml:4:5-67
11-->src/main/AndroidManifest.xml:4:22-64
12    <uses-permission android:name="android.permission.ACCESS_FINE_LOCATION" />
12-->src/main/AndroidManifest.xml:5:5-79
12-->src/main/AndroidManifest.xml:5:22-76
13    <uses-permission android:name="android.permission.ACCESS_COARSE_LOCATION" />
13-->src/main/AndroidManifest.xml:6:5-81
13-->src/main/AndroidManifest.xml:6:22-78
14    <uses-permission android:name="android.permission.ACCESS_WIFI_STATE" /> <!-- Include required permissions for Google Maps API to run. -->
14-->[com.google.android.libraries.places:places:3.5.0] AndroidManifest.xml:11:5-76
14-->[com.google.android.libraries.places:places:3.5.0] AndroidManifest.xml:11:22-73
15    <uses-permission android:name="android.permission.ACCESS_NETWORK_STATE" />
15-->[com.google.android.gms:play-services-maps:18.2.0] AndroidManifest.xml:23:5-79
15-->[com.google.android.gms:play-services-maps:18.2.0] AndroidManifest.xml:23:22-76
16
17    <uses-feature
17-->[com.google.android.gms:play-services-maps:18.2.0] AndroidManifest.xml:26:5-28:35
18        android:glEsVersion="0x00020000"
18-->[com.google.android.gms:play-services-maps:18.2.0] AndroidManifest.xml:27:9-41
19        android:required="true" />
19-->[com.google.android.gms:play-services-maps:18.2.0] AndroidManifest.xml:28:9-32
20
21    <queries>
21-->[com.google.android.gms:play-services-maps:18.2.0] AndroidManifest.xml:30:5-34:15
22
23        <!-- Needs to be explicitly declared on Android R+ -->
24        <package android:name="com.google.android.apps.maps" />
24-->[com.google.android.gms:play-services-maps:18.2.0] AndroidManifest.xml:33:9-64
24-->[com.google.android.gms:play-services-maps:18.2.0] AndroidManifest.xml:33:18-61
25    </queries>
26
27    <permission
27-->[androidx.core:core:1.18.0] AndroidManifest.xml:22:5-24:47
28        android:name="com.josephb.lostandfoundmapapp.DYNAMIC_RECEIVER_NOT_EXPORTED_PERMISSION"
28-->[androidx.core:core:1.18.0] AndroidManifest.xml:23:9-81
29        android:protectionLevel="signature" />
29-->[androidx.core:core:1.18.0] AndroidManifest.xml:24:9-44
30
31    <uses-permission android:name="com.josephb.lostandfoundmapapp.DYNAMIC_RECEIVER_NOT_EXPORTED_PERMISSION" />
31-->[androidx.core:core:1.18.0] AndroidManifest.xml:26:5-97
31-->[androidx.core:core:1.18.0] AndroidManifest.xml:26:22-94
32
33    <application
33-->src/main/AndroidManifest.xml:8:5-31:19
34        android:allowBackup="true"
34-->src/main/AndroidManifest.xml:9:9-35
35        android:appComponentFactory="androidx.core.app.CoreComponentFactory"
35-->[androidx.core:core:1.18.0] AndroidManifest.xml:28:18-86
36        android:debuggable="true"
37        android:extractNativeLibs="false"
37-->INJECTED
38        android:label="@string/app_name"
38-->src/main/AndroidManifest.xml:10:9-41
39        android:supportsRtl="true"
39-->src/main/AndroidManifest.xml:11:9-35
40        android:testOnly="true"
40-->INJECTED
41        android:theme="@style/Theme.LostAndFoundMapApp" >
41-->src/main/AndroidManifest.xml:12:9-56
42        <meta-data
42-->INJECTED
43            android:name="com.google.android.geo.API_KEY"
43-->src/main/AndroidManifest.xml:15:13-58
44            android:value="AIzaSyAnSEGCNJ1gZzaSwEp2WZP9FV_PiZJl6cQ" />
44-->INJECTED
45
46        <activity
46-->src/main/AndroidManifest.xml:18:9-25:20
47            android:name="com.josephb.lostandfoundmapapp.MainActivity"
47-->src/main/AndroidManifest.xml:19:13-41
48            android:exported="true" >
48-->src/main/AndroidManifest.xml:20:13-36
49            <intent-filter>
49-->src/main/AndroidManifest.xml:21:13-24:29
50                <action android:name="android.intent.action.MAIN" />
50-->src/main/AndroidManifest.xml:22:17-69
50-->src/main/AndroidManifest.xml:22:25-66
51
52                <category android:name="android.intent.category.LAUNCHER" />
52-->src/main/AndroidManifest.xml:23:17-77
52-->src/main/AndroidManifest.xml:23:27-74
53            </intent-filter>
54        </activity>
55        <activity
55-->src/main/AndroidManifest.xml:27:9-83
56            android:name="com.josephb.lostandfoundmapapp.CreateAdvertActivity"
56-->src/main/AndroidManifest.xml:27:19-55
57            android:exported="false" />
57-->src/main/AndroidManifest.xml:27:56-80
58        <activity
58-->src/main/AndroidManifest.xml:28:9-82
59            android:name="com.josephb.lostandfoundmapapp.PlacePickerActivity"
59-->src/main/AndroidManifest.xml:28:19-54
60            android:exported="false" />
60-->src/main/AndroidManifest.xml:28:55-79
61        <activity
61-->src/main/AndroidManifest.xml:29:9-79
62            android:name="com.josephb.lostandfoundmapapp.AllItemsActivity"
62-->src/main/AndroidManifest.xml:29:19-51
63            android:exported="false" />
63-->src/main/AndroidManifest.xml:29:52-76
64        <activity
64-->src/main/AndroidManifest.xml:30:9-74
65            android:name="com.josephb.lostandfoundmapapp.MapActivity"
65-->src/main/AndroidManifest.xml:30:19-46
66            android:exported="false" />
66-->src/main/AndroidManifest.xml:30:47-71
67        <activity
67-->[com.google.android.libraries.places:places:3.5.0] AndroidManifest.xml:15:9-21:20
68            android:name="com.google.android.libraries.places.widget.AutocompleteActivity"
68-->[com.google.android.libraries.places:places:3.5.0] AndroidManifest.xml:16:13-91
69            android:exported="false"
69-->[com.google.android.libraries.places:places:3.5.0] AndroidManifest.xml:17:13-37
70            android:label="@string/places_autocomplete_label"
70-->[com.google.android.libraries.places:places:3.5.0] AndroidManifest.xml:18:13-62
71            android:theme="@style/PlacesAutocompleteOverlay"
71-->[com.google.android.libraries.places:places:3.5.0] AndroidManifest.xml:19:13-61
72            android:windowSoftInputMode="adjustResize" >
72-->[com.google.android.libraries.places:places:3.5.0] AndroidManifest.xml:20:13-55
73        </activity> <!-- Needs to be explicitly declared on P+ -->
74        <uses-library
74-->[com.google.android.gms:play-services-maps:18.2.0] AndroidManifest.xml:39:9-41:40
75            android:name="org.apache.http.legacy"
75-->[com.google.android.gms:play-services-maps:18.2.0] AndroidManifest.xml:40:13-50
76            android:required="false" />
76-->[com.google.android.gms:play-services-maps:18.2.0] AndroidManifest.xml:41:13-37
77
78        <activity
78-->[com.google.android.gms:play-services-base:18.5.0] AndroidManifest.xml:5:9-173
79            android:name="com.google.android.gms.common.api.GoogleApiActivity"
79-->[com.google.android.gms:play-services-base:18.5.0] AndroidManifest.xml:5:19-85
80            android:exported="false"
80-->[com.google.android.gms:play-services-base:18.5.0] AndroidManifest.xml:5:146-170
81            android:theme="@android:style/Theme.Translucent.NoTitleBar" />
81-->[com.google.android.gms:play-services-base:18.5.0] AndroidManifest.xml:5:86-145
82
83        <meta-data
83-->[com.google.android.gms:play-services-basement:18.4.0] AndroidManifest.xml:6:9-122
84            android:name="com.google.android.gms.version"
84-->[com.google.android.gms:play-services-basement:18.4.0] AndroidManifest.xml:6:20-65
85            android:value="@integer/google_play_services_version" />
85-->[com.google.android.gms:play-services-basement:18.4.0] AndroidManifest.xml:6:66-119
86
87        <provider
87-->[androidx.emoji2:emoji2:1.3.0] AndroidManifest.xml:24:9-32:20
88            android:name="androidx.startup.InitializationProvider"
88-->[androidx.emoji2:emoji2:1.3.0] AndroidManifest.xml:25:13-67
89            android:authorities="com.josephb.lostandfoundmapapp.androidx-startup"
89-->[androidx.emoji2:emoji2:1.3.0] AndroidManifest.xml:26:13-68
90            android:exported="false" >
90-->[androidx.emoji2:emoji2:1.3.0] AndroidManifest.xml:27:13-37
91            <meta-data
91-->[androidx.emoji2:emoji2:1.3.0] AndroidManifest.xml:29:13-31:52
92                android:name="androidx.emoji2.text.EmojiCompatInitializer"
92-->[androidx.emoji2:emoji2:1.3.0] AndroidManifest.xml:30:17-75
93                android:value="androidx.startup" />
93-->[androidx.emoji2:emoji2:1.3.0] AndroidManifest.xml:31:17-49
94            <meta-data
94-->[androidx.lifecycle:lifecycle-process:2.6.2] AndroidManifest.xml:29:13-31:52
95                android:name="androidx.lifecycle.ProcessLifecycleInitializer"
95-->[androidx.lifecycle:lifecycle-process:2.6.2] AndroidManifest.xml:30:17-78
96                android:value="androidx.startup" />
96-->[androidx.lifecycle:lifecycle-process:2.6.2] AndroidManifest.xml:31:17-49
97            <meta-data
97-->[androidx.profileinstaller:profileinstaller:1.4.0] AndroidManifest.xml:29:13-31:52
98                android:name="androidx.profileinstaller.ProfileInstallerInitializer"
98-->[androidx.profileinstaller:profileinstaller:1.4.0] AndroidManifest.xml:30:17-85
99                android:value="androidx.startup" />
99-->[androidx.profileinstaller:profileinstaller:1.4.0] AndroidManifest.xml:31:17-49
100        </provider>
101
102        <service
102-->[androidx.room:room-runtime:2.6.1] AndroidManifest.xml:24:9-28:63
103            android:name="androidx.room.MultiInstanceInvalidationService"
103-->[androidx.room:room-runtime:2.6.1] AndroidManifest.xml:25:13-74
104            android:directBootAware="true"
104-->[androidx.room:room-runtime:2.6.1] AndroidManifest.xml:26:13-43
105            android:exported="false" />
105-->[androidx.room:room-runtime:2.6.1] AndroidManifest.xml:27:13-37
106
107        <receiver
107-->[androidx.profileinstaller:profileinstaller:1.4.0] AndroidManifest.xml:34:9-52:20
108            android:name="androidx.profileinstaller.ProfileInstallReceiver"
108-->[androidx.profileinstaller:profileinstaller:1.4.0] AndroidManifest.xml:35:13-76
109            android:directBootAware="false"
109-->[androidx.profileinstaller:profileinstaller:1.4.0] AndroidManifest.xml:36:13-44
110            android:enabled="true"
110-->[androidx.profileinstaller:profileinstaller:1.4.0] AndroidManifest.xml:37:13-35
111            android:exported="true"
111-->[androidx.profileinstaller:profileinstaller:1.4.0] AndroidManifest.xml:38:13-36
112            android:permission="android.permission.DUMP" >
112-->[androidx.profileinstaller:profileinstaller:1.4.0] AndroidManifest.xml:39:13-57
113            <intent-filter>
113-->[androidx.profileinstaller:profileinstaller:1.4.0] AndroidManifest.xml:40:13-42:29
114                <action android:name="androidx.profileinstaller.action.INSTALL_PROFILE" />
114-->[androidx.profileinstaller:profileinstaller:1.4.0] AndroidManifest.xml:41:17-91
114-->[androidx.profileinstaller:profileinstaller:1.4.0] AndroidManifest.xml:41:25-88
115            </intent-filter>
116            <intent-filter>
116-->[androidx.profileinstaller:profileinstaller:1.4.0] AndroidManifest.xml:43:13-45:29
117                <action android:name="androidx.profileinstaller.action.SKIP_FILE" />
117-->[androidx.profileinstaller:profileinstaller:1.4.0] AndroidManifest.xml:44:17-85
117-->[androidx.profileinstaller:profileinstaller:1.4.0] AndroidManifest.xml:44:25-82
118            </intent-filter>
119            <intent-filter>
119-->[androidx.profileinstaller:profileinstaller:1.4.0] AndroidManifest.xml:46:13-48:29
120                <action android:name="androidx.profileinstaller.action.SAVE_PROFILE" />
120-->[androidx.profileinstaller:profileinstaller:1.4.0] AndroidManifest.xml:47:17-88
120-->[androidx.profileinstaller:profileinstaller:1.4.0] AndroidManifest.xml:47:25-85
121            </intent-filter>
122            <intent-filter>
122-->[androidx.profileinstaller:profileinstaller:1.4.0] AndroidManifest.xml:49:13-51:29
123                <action android:name="androidx.profileinstaller.action.BENCHMARK_OPERATION" />
123-->[androidx.profileinstaller:profileinstaller:1.4.0] AndroidManifest.xml:50:17-95
123-->[androidx.profileinstaller:profileinstaller:1.4.0] AndroidManifest.xml:50:25-92
124            </intent-filter>
125        </receiver>
126
127        <service
127-->[com.google.android.datatransport:transport-backend-cct:3.2.0] AndroidManifest.xml:26:9-32:19
128            android:name="com.google.android.datatransport.runtime.backends.TransportBackendDiscovery"
128-->[com.google.android.datatransport:transport-backend-cct:3.2.0] AndroidManifest.xml:27:13-103
129            android:exported="false" >
129-->[com.google.android.datatransport:transport-backend-cct:3.2.0] AndroidManifest.xml:28:13-37
130            <meta-data
130-->[com.google.android.datatransport:transport-backend-cct:3.2.0] AndroidManifest.xml:29:13-31:39
131                android:name="backend:com.google.android.datatransport.cct.CctBackendFactory"
131-->[com.google.android.datatransport:transport-backend-cct:3.2.0] AndroidManifest.xml:30:17-94
132                android:value="cct" />
132-->[com.google.android.datatransport:transport-backend-cct:3.2.0] AndroidManifest.xml:31:17-36
133        </service>
134        <service
134-->[com.google.android.datatransport:transport-runtime:3.2.0] AndroidManifest.xml:24:9-28:19
135            android:name="com.google.android.datatransport.runtime.scheduling.jobscheduling.JobInfoSchedulerService"
135-->[com.google.android.datatransport:transport-runtime:3.2.0] AndroidManifest.xml:25:13-117
136            android:exported="false"
136-->[com.google.android.datatransport:transport-runtime:3.2.0] AndroidManifest.xml:26:13-37
137            android:permission="android.permission.BIND_JOB_SERVICE" >
137-->[com.google.android.datatransport:transport-runtime:3.2.0] AndroidManifest.xml:27:13-69
138        </service>
139
140        <receiver
140-->[com.google.android.datatransport:transport-runtime:3.2.0] AndroidManifest.xml:30:9-32:40
141            android:name="com.google.android.datatransport.runtime.scheduling.jobscheduling.AlarmManagerSchedulerBroadcastReceiver"
141-->[com.google.android.datatransport:transport-runtime:3.2.0] AndroidManifest.xml:31:13-132
142            android:exported="false" />
142-->[com.google.android.datatransport:transport-runtime:3.2.0] AndroidManifest.xml:32:13-37
143    </application>
144
145</manifest>